{
  "stats": {
    "suites": 1,
    "tests": 2,
    "passes": 2,
    "pending": 0,
    "failures": 0,
    "start": "2022-05-23T15:36:29.070Z",
    "end": "2022-05-23T15:37:01.940Z",
    "duration": 32870,
    "testsRegistered": 3,
    "passPercent": 66.66666666666666,
    "pendingPercent": 0,
    "other": 1,
    "hasOther": true,
    "skipped": 1,
    "hasSkipped": true
  },
  "results": [
    {
      "uuid": "ff5496d8-a92c-4423-bbc0-793dfb2b861e",
      "title": "",
      "fullFile": "cypress/integration/create-customer.spec.js",
      "file": "cypress/integration/create-customer.spec.js",
      "beforeHooks": [],
      "afterHooks": [],
      "tests": [],
      "suites": [
        {
          "uuid": "e823a00c-cfcc-40ec-90ef-d9394cfeee97",
          "title": "Create Customer with Address",
          "fullFile": "",
          "file": "",
          "beforeHooks": [],
          "afterHooks": [],
          "tests": [
            {
              "title": "Test Scenario - 001 : Verify on entering all the fields on customer creation form with Billing address the customer is created and displayed on Customer Creation Form page",
              "fullTitle": "Create Customer with Address Test Scenario - 001 : Verify on entering all the fields on customer creation form with Billing address the customer is created and displayed on Customer Creation Form page",
              "timedOut": null,
              "duration": 22042,
              "state": "passed",
              "speed": "slow",
              "pass": true,
              "fail": false,
              "pending": false,
              "context": null,
              "code": "customerPage.navigate();\ncustomerPage.SaveCustomerDetails(firstname, lastname, company, phone, email);\ncustomerAddressPage.navigate();\ncustomerAddressPage.SaveCustomerAddressDetails(firstname, lastname, company, line1, line2, city, state, zip, country);\ncustomerPage.verifyBillingAddress(addressLine1, addressLine2);\ncustomerPage.closeForm();",
              "err": {},
              "uuid": "118e0620-af6f-4d9f-8b52-9d45030b145d",
              "parentUUID": "e823a00c-cfcc-40ec-90ef-d9394cfeee97",
              "isHook": false,
              "skipped": false
            },
            {
              "title": "Test Scenario - 003 : Verify Display Name field value is auto filled when FirstName and LastName entered Customer Creation Form page",
              "fullTitle": "Create Customer with Address Test Scenario - 003 : Verify Display Name field value is auto filled when FirstName and LastName entered Customer Creation Form page",
              "timedOut": null,
              "duration": 9558,
              "state": "passed",
              "speed": "slow",
              "pass": true,
              "fail": false,
              "pending": false,
              "context": null,
              "code": "var firstname = 'Cypress', lastname = 'Name';\ncustomerPage.navigate();\ncustomerPage.verifyDisplayName(firstname, lastname);",
              "err": {},
              "uuid": "bcc08af4-1298-40b9-a91f-71f4c935f609",
              "parentUUID": "e823a00c-cfcc-40ec-90ef-d9394cfeee97",
              "isHook": false,
              "skipped": false
            },
            {
              "title": "Test Scenario - 004 : Verify Display Name field value is auto filled when Company name is entered on Customer Creation Form page",
              "fullTitle": "Create Customer with Address Test Scenario - 004 : Verify Display Name field value is auto filled when Company name is entered on Customer Creation Form page",
              "timedOut": null,
              "duration": 1052,
              "state": "failed",
              "speed": null,
              "pass": false,
              "fail": true,
              "pending": false,
              "context": "[\n  \"../../screenshots/create-customer.spec.js/Create Customer with Address -- Test Scenario - 004  Verify Display Name field value is auto filled when Company name is entered on Customer Creation Form page (failed).png\",\n  \"../../videos/create-customer.spec.js.mp4\"\n]",
              "code": "var company = 'CypressComp';\ncustomerPage.navigate();\ncustomerPage.verifyDisplayNameWithCompany(company);",
              "err": {
                "message": "Uncaught Error: Uncaught ReferenceError: gtag is not defined\n\nThis error originated from your application code, not from Cypress.\n\nWhen Cypress detects uncaught errors originating from your application it will automatically fail the current test.\n\nThis behavior is configurable, and you can choose to turn this off by listening to the `uncaught:exception` event.\n\nhttps://on.cypress.io/uncaught-exception-from-application\n\nBecause this error occurred during a `before each` hook we are skipping the remaining tests in the current suite: `Create Customer with Address`",
                "estack": "Uncaught Error: Uncaught ReferenceError: gtag is not defined\n\nThis error originated from your application code, not from Cypress.\n\nWhen Cypress detects uncaught errors originating from your application it will automatically fail the current test.\n\nThis behavior is configurable, and you can choose to turn this off by listening to the `uncaught:exception` event.\n\nhttps://on.cypress.io/uncaught-exception-from-application\n\nBecause this error occurred during a `before each` hook we are skipping the remaining tests in the current suite: `Create Customer with Address`\n    at createErrFromMsg (https://katanamrp.com/__cypress/runner/cypress_runner.js:137473:14)\n    at Object.createUncaughtException (https://katanamrp.com/__cypress/runner/cypress_runner.js:137478:13)\n    at Object.onUncaughtException (https://katanamrp.com/__cypress/runner/cypress_runner.js:144759:24)\n    at onError (https://katanamrp.com/__cypress/runner/cypress_runner.js:143865:39)",
                "diff": null
              },
              "uuid": "44f2c56c-042f-44aa-95a0-042cff76b708",
              "parentUUID": "e823a00c-cfcc-40ec-90ef-d9394cfeee97",
              "isHook": false,
              "skipped": false
            }
          ],
          "suites": [],
          "passes": [
            "118e0620-af6f-4d9f-8b52-9d45030b145d",
            "bcc08af4-1298-40b9-a91f-71f4c935f609"
          ],
          "failures": [
            "44f2c56c-042f-44aa-95a0-042cff76b708"
          ],
          "pending": [],
          "skipped": [],
          "duration": 32652,
          "root": false,
          "rootEmpty": false,
          "_timeout": 2000
        }
      ],
      "passes": [],
      "failures": [],
      "pending": [],
      "skipped": [],
      "duration": 0,
      "root": true,
      "rootEmpty": true,
      "_timeout": 2000
    }
  ],
  "meta": {
    "mocha": {
      "version": "7.1.1"
    },
    "mochawesome": {
      "options": {
        "quiet": false,
        "reportFilename": "mochawesome",
        "saveHtml": false,
        "saveJson": true,
        "consoleReporter": "spec",
        "useInlineDiffs": false,
        "code": true
      },
      "version": "6.1.0"
    },
    "marge": {
      "options": {
        "id": "default",
        "reportDir": "cypress/reports/mocha",
        "quite": true,
        "overwrite": false,
        "html": false,
        "json": true
      },
      "version": "5.1.0"
    }
  }
}