{
  "stats": {
    "suites": 1,
    "tests": 1,
    "passes": 1,
    "pending": 0,
    "failures": 0,
    "start": "2022-05-23T15:36:12.917Z",
    "end": "2022-05-23T15:36:26.290Z",
    "duration": 13373,
    "testsRegistered": 1,
    "passPercent": 100,
    "pendingPercent": 0,
    "other": 0,
    "hasOther": false,
    "skipped": 0,
    "hasSkipped": false
  },
  "results": [
    {
      "uuid": "370b235d-3593-42a0-a99f-b2d8552ea42d",
      "title": "",
      "fullFile": "cypress/integration/katana.login.spec.js",
      "file": "cypress/integration/katana.login.spec.js",
      "beforeHooks": [],
      "afterHooks": [],
      "tests": [],
      "suites": [
        {
          "uuid": "57c42185-766f-4617-8b46-33a4ade6dce8",
          "title": "Login Katana application",
          "fullFile": "",
          "file": "",
          "beforeHooks": [],
          "afterHooks": [],
          "tests": [
            {
              "title": "Login using username and password",
              "fullTitle": "Login Katana application Login using username and password",
              "timedOut": null,
              "duration": 13338,
              "state": "passed",
              "speed": "slow",
              "pass": true,
              "fail": false,
              "pending": false,
              "context": null,
              "code": "var username = 'Demo User';\nloginPage.login();\nheader.verifyLogin(username);",
              "err": {},
              "uuid": "aa9684da-bff9-4bde-bfe7-5487d098fe01",
              "parentUUID": "57c42185-766f-4617-8b46-33a4ade6dce8",
              "isHook": false,
              "skipped": false
            }
          ],
          "suites": [],
          "passes": [
            "aa9684da-bff9-4bde-bfe7-5487d098fe01"
          ],
          "failures": [],
          "pending": [],
          "skipped": [],
          "duration": 13338,
          "root": false,
          "rootEmpty": false,
          "_timeout": 2000
        }
      ],
      "passes": [],
      "failures": [],
      "pending": [],
      "skipped": [],
      "duration": 0,
      "root": true,
      "rootEmpty": true,
      "_timeout": 2000
    }
  ],
  "meta": {
    "mocha": {
      "version": "7.1.1"
    },
    "mochawesome": {
      "options": {
        "quiet": false,
        "reportFilename": "mochawesome",
        "saveHtml": false,
        "saveJson": true,
        "consoleReporter": "spec",
        "useInlineDiffs": false,
        "code": true
      },
      "version": "6.1.0"
    },
    "marge": {
      "options": {
        "id": "default",
        "reportDir": "cypress/reports/mocha",
        "quite": true,
        "overwrite": false,
        "html": false,
        "json": true
      },
      "version": "5.1.0"
    }
  }
}