{
  "stats": {
    "suites": 3,
    "tests": 7,
    "passes": 6,
    "pending": 0,
    "failures": 1,
    "start": "2022-05-23T15:38:01.049Z",
    "end": "2022-05-23T15:38:01.049Z",
    "duration": 94262,
    "testsRegistered": 7,
    "passPercent": 85.71428571428571,
    "pendingPercent": 0,
    "other": 0,
    "hasOther": false,
    "skipped": 0,
    "hasSkipped": false
  },
  "results": [
    {
      "uuid": "370b235d-3593-42a0-a99f-b2d8552ea42d",
      "title": "",
      "fullFile": "cypress/integration/katana.login.spec.js",
      "file": "cypress/integration/katana.login.spec.js",
      "beforeHooks": [],
      "afterHooks": [],
      "tests": [],
      "suites": [
        {
          "uuid": "57c42185-766f-4617-8b46-33a4ade6dce8",
          "title": "Login Katana application",
          "fullFile": "",
          "file": "",
          "beforeHooks": [],
          "afterHooks": [],
          "tests": [
            {
              "title": "Login using username and password",
              "fullTitle": "Login Katana application Login using username and password",
              "timedOut": null,
              "duration": 13338,
              "state": "passed",
              "speed": "slow",
              "pass": true,
              "fail": false,
              "pending": false,
              "context": null,
              "code": "var username = 'Demo User';\nloginPage.login();\nheader.verifyLogin(username);",
              "err": {},
              "uuid": "aa9684da-bff9-4bde-bfe7-5487d098fe01",
              "parentUUID": "57c42185-766f-4617-8b46-33a4ade6dce8",
              "isHook": false,
              "skipped": false
            }
          ],
          "suites": [],
          "passes": [
            "aa9684da-bff9-4bde-bfe7-5487d098fe01"
          ],
          "failures": [],
          "pending": [],
          "skipped": [],
          "duration": 13338,
          "root": false,
          "rootEmpty": false,
          "_timeout": 2000
        }
      ],
      "passes": [],
      "failures": [],
      "pending": [],
      "skipped": [],
      "duration": 0,
      "root": true,
      "rootEmpty": true,
      "_timeout": 2000
    },
    {
      "uuid": "ff5496d8-a92c-4423-bbc0-793dfb2b861e",
      "title": "",
      "fullFile": "cypress/integration/create-customer.spec.js",
      "file": "cypress/integration/create-customer.spec.js",
      "beforeHooks": [],
      "afterHooks": [],
      "tests": [],
      "suites": [
        {
          "uuid": "e823a00c-cfcc-40ec-90ef-d9394cfeee97",
          "title": "Create Customer with Address",
          "fullFile": "",
          "file": "",
          "beforeHooks": [],
          "afterHooks": [],
          "tests": [
            {
              "title": "Test Scenario - 001 : Verify on entering all the fields on customer creation form with Billing address the customer is created and displayed on Customer Creation Form page",
              "fullTitle": "Create Customer with Address Test Scenario - 001 : Verify on entering all the fields on customer creation form with Billing address the customer is created and displayed on Customer Creation Form page",
              "timedOut": null,
              "duration": 22042,
              "state": "passed",
              "speed": "slow",
              "pass": true,
              "fail": false,
              "pending": false,
              "context": null,
              "code": "customerPage.navigate();\ncustomerPage.SaveCustomerDetails(firstname, lastname, company, phone, email);\ncustomerAddressPage.navigate();\ncustomerAddressPage.SaveCustomerAddressDetails(firstname, lastname, company, line1, line2, city, state, zip, country);\ncustomerPage.verifyBillingAddress(addressLine1, addressLine2);\ncustomerPage.closeForm();",
              "err": {},
              "uuid": "118e0620-af6f-4d9f-8b52-9d45030b145d",
              "parentUUID": "e823a00c-cfcc-40ec-90ef-d9394cfeee97",
              "isHook": false,
              "skipped": false
            },
            {
              "title": "Test Scenario - 003 : Verify Display Name field value is auto filled when FirstName and LastName entered Customer Creation Form page",
              "fullTitle": "Create Customer with Address Test Scenario - 003 : Verify Display Name field value is auto filled when FirstName and LastName entered Customer Creation Form page",
              "timedOut": null,
              "duration": 9558,
              "state": "passed",
              "speed": "slow",
              "pass": true,
              "fail": false,
              "pending": false,
              "context": null,
              "code": "var firstname = 'Cypress', lastname = 'Name';\ncustomerPage.navigate();\ncustomerPage.verifyDisplayName(firstname, lastname);",
              "err": {},
              "uuid": "bcc08af4-1298-40b9-a91f-71f4c935f609",
              "parentUUID": "e823a00c-cfcc-40ec-90ef-d9394cfeee97",
              "isHook": false,
              "skipped": false
            },
            {
              "title": "Test Scenario - 004 : Verify Display Name field value is auto filled when Company name is entered on Customer Creation Form page",
              "fullTitle": "Create Customer with Address Test Scenario - 004 : Verify Display Name field value is auto filled when Company name is entered on Customer Creation Form page",
              "timedOut": null,
              "duration": 1052,
              "state": "failed",
              "speed": null,
              "pass": false,
              "fail": true,
              "pending": false,
              "context": "[\n  \"../../screenshots/create-customer.spec.js/Create Customer with Address -- Test Scenario - 004  Verify Display Name field value is auto filled when Company name is entered on Customer Creation Form page (failed).png\",\n  \"../../videos/create-customer.spec.js.mp4\"\n]",
              "code": "var company = 'CypressComp';\ncustomerPage.navigate();\ncustomerPage.verifyDisplayNameWithCompany(company);",
              "err": {
                "message": "Uncaught Error: Uncaught ReferenceError: gtag is not defined\n\nThis error originated from your application code, not from Cypress.\n\nWhen Cypress detects uncaught errors originating from your application it will automatically fail the current test.\n\nThis behavior is configurable, and you can choose to turn this off by listening to the `uncaught:exception` event.\n\nhttps://on.cypress.io/uncaught-exception-from-application\n\nBecause this error occurred during a `before each` hook we are skipping the remaining tests in the current suite: `Create Customer with Address`",
                "estack": "Uncaught Error: Uncaught ReferenceError: gtag is not defined\n\nThis error originated from your application code, not from Cypress.\n\nWhen Cypress detects uncaught errors originating from your application it will automatically fail the current test.\n\nThis behavior is configurable, and you can choose to turn this off by listening to the `uncaught:exception` event.\n\nhttps://on.cypress.io/uncaught-exception-from-application\n\nBecause this error occurred during a `before each` hook we are skipping the remaining tests in the current suite: `Create Customer with Address`\n    at createErrFromMsg (https://katanamrp.com/__cypress/runner/cypress_runner.js:137473:14)\n    at Object.createUncaughtException (https://katanamrp.com/__cypress/runner/cypress_runner.js:137478:13)\n    at Object.onUncaughtException (https://katanamrp.com/__cypress/runner/cypress_runner.js:144759:24)\n    at onError (https://katanamrp.com/__cypress/runner/cypress_runner.js:143865:39)",
                "diff": null
              },
              "uuid": "44f2c56c-042f-44aa-95a0-042cff76b708",
              "parentUUID": "e823a00c-cfcc-40ec-90ef-d9394cfeee97",
              "isHook": false,
              "skipped": false
            }
          ],
          "suites": [],
          "passes": [
            "118e0620-af6f-4d9f-8b52-9d45030b145d",
            "bcc08af4-1298-40b9-a91f-71f4c935f609"
          ],
          "failures": [
            "44f2c56c-042f-44aa-95a0-042cff76b708"
          ],
          "pending": [],
          "skipped": [],
          "duration": 32652,
          "root": false,
          "rootEmpty": false,
          "_timeout": 2000
        }
      ],
      "passes": [],
      "failures": [],
      "pending": [],
      "skipped": [],
      "duration": 0,
      "root": true,
      "rootEmpty": true,
      "_timeout": 2000
    },
    {
      "uuid": "8361c532-605e-490a-b12f-983fd6c38978",
      "title": "",
      "fullFile": "cypress/integration/create-sales-orders.spec.js",
      "file": "cypress/integration/create-sales-orders.spec.js",
      "beforeHooks": [],
      "afterHooks": [],
      "tests": [],
      "suites": [
        {
          "uuid": "194998e9-56d8-4521-907c-0635d68c3d41",
          "title": "Create SO card",
          "fullFile": "",
          "file": "",
          "beforeHooks": [],
          "afterHooks": [],
          "tests": [
            {
              "title": "Test Scenario - 007 : Verify existing Customer displayed in dropdown when CustomerName entered on SO Creation form page",
              "fullTitle": "Create SO card Test Scenario - 007 : Verify existing Customer displayed in dropdown when CustomerName entered on SO Creation form page",
              "timedOut": null,
              "duration": 16895,
              "state": "passed",
              "speed": "slow",
              "pass": true,
              "fail": false,
              "pending": false,
              "context": null,
              "code": "salesPage.navigate();\nsalesPage.createSalesOrderWithExistingCustomer(customerName);\nsalesPage.verifyExistingCustomerDetails(addressName, addressLocation);",
              "err": {},
              "uuid": "bd4977d3-7702-4478-ab92-09fb0a355fc7",
              "parentUUID": "194998e9-56d8-4521-907c-0635d68c3d41",
              "isHook": false,
              "skipped": false
            },
            {
              "title": "Test Scenario - 010 : Verify Customer Billing address is updated on SO page",
              "fullTitle": "Create SO card Test Scenario - 010 : Verify Customer Billing address is updated on SO page",
              "timedOut": null,
              "duration": 18452,
              "state": "passed",
              "speed": "slow",
              "pass": true,
              "fail": false,
              "pending": false,
              "context": null,
              "code": "salesPage.navigate();\nsalesPage.createSalesOrderWithExistingCustomer(customerName);\nsalesPage.verifyExistingCustomerDetails(addressName, addressLocation);\nsalesPage.navigateSalesAddressUpdate();\ncustomerAddressPage.SaveCustomerAddressDetails(firstname, lastname, company, line1, line2, city, state, zip, country);\nsalesPage.verifyExistingCustomerDetails(addressNameUpdate, addressLocationUpdate);\nsalesPage.closeForm();",
              "err": {},
              "uuid": "406c668c-980c-4f03-8e3b-3bcdb264ff05",
              "parentUUID": "194998e9-56d8-4521-907c-0635d68c3d41",
              "isHook": false,
              "skipped": false
            },
            {
              "title": "Test Scenario - 011 : Verify Customer Billing and Shipping address is deleted on SO page",
              "fullTitle": "Create SO card Test Scenario - 011 : Verify Customer Billing and Shipping address is deleted on SO page",
              "timedOut": null,
              "duration": 12925,
              "state": "passed",
              "speed": "slow",
              "pass": true,
              "fail": false,
              "pending": false,
              "context": null,
              "code": "salesPage.navigate();\nsalesPage.createSalesOrderWithExistingCustomer(customerName);\nsalesPage.verifyExistingCustomerDetails(addressName, addressLocation);\nsalesPage.navigateSalesAddressUpdate();\ncustomerAddressPage.removeAddress();\nsalesPage.verifyAddressRemoved();",
              "err": {},
              "uuid": "22b954a4-2e6d-4f3c-8e69-941cba9dd690",
              "parentUUID": "194998e9-56d8-4521-907c-0635d68c3d41",
              "isHook": false,
              "skipped": false
            }
          ],
          "suites": [],
          "passes": [
            "bd4977d3-7702-4478-ab92-09fb0a355fc7",
            "406c668c-980c-4f03-8e3b-3bcdb264ff05",
            "22b954a4-2e6d-4f3c-8e69-941cba9dd690"
          ],
          "failures": [],
          "pending": [],
          "skipped": [],
          "duration": 48272,
          "root": false,
          "rootEmpty": false,
          "_timeout": 2000
        }
      ],
      "passes": [],
      "failures": [],
      "pending": [],
      "skipped": [],
      "duration": 0,
      "root": true,
      "rootEmpty": true,
      "_timeout": 2000
    }
  ],
  "meta": {
    "mocha": {
      "version": "7.1.1"
    },
    "mochawesome": {
      "options": {
        "quiet": false,
        "reportFilename": "mochawesome",
        "saveHtml": false,
        "saveJson": true,
        "consoleReporter": "spec",
        "useInlineDiffs": false,
        "code": true
      },
      "version": "6.1.0"
    },
    "marge": {
      "options": {
        "id": "default",
        "reportDir": "cypress/reports/mocha",
        "quite": true,
        "overwrite": false,
        "html": false,
        "json": true
      },
      "version": "5.1.0"
    }
  }
}